android/app/build/intermediates/manifest_merge_blame_file/release/manifest-merger-blame-release-report.txt
1<?xml version="1.0" encoding="utf-8"?>
2<manifest xmlns:android="http://schemas.android.com/apk/res/android"
3    package="com.dempmapstedsampleapp"
4    android:versionCode="1"
5    android:versionName="1.0" >
6
7    <uses-sdk
8        android:minSdkVersion="24"
9        android:targetSdkVersion="34" />
10
11    <uses-permission android:name="android.permission.INTERNET" />
11-->src/main/AndroidManifest.xml:3:5-67
11-->src/main/AndroidManifest.xml:3:22-64
12    <uses-permission android:name="android.permission.VIBRATE" />
12-->[com.mapsted:sdk-map-ui:5.4.28] AndroidManifest.xml:7:5-66
12-->[com.mapsted:sdk-map-ui:5.4.28] AndroidManifest.xml:7:22-63
13    <uses-permission android:name="android.permission.ACCESS_FINE_LOCATION" />
13-->[com.mapsted:sdk-map-ui:5.4.28] AndroidManifest.xml:9:5-79
13-->[com.mapsted:sdk-map-ui:5.4.28] AndroidManifest.xml:9:22-76
14    <uses-permission android:name="android.permission.ACCESS_COARSE_LOCATION" />
14-->[com.mapsted:sdk-map-ui:5.4.28] AndroidManifest.xml:10:5-81
14-->[com.mapsted:sdk-map-ui:5.4.28] AndroidManifest.xml:10:22-78
15    <uses-permission android:name="android.permission.ACCESS_WIFI_STATE" />
15-->[com.mapsted:sdk-map-ui:5.4.28] AndroidManifest.xml:11:5-76
15-->[com.mapsted:sdk-map-ui:5.4.28] AndroidManifest.xml:11:22-73
16    <uses-permission android:name="android.permission.CHANGE_WIFI_STATE" />
16-->[com.mapsted:sdk-map-ui:5.4.28] AndroidManifest.xml:12:5-76
16-->[com.mapsted:sdk-map-ui:5.4.28] AndroidManifest.xml:12:22-73
17    <uses-permission android:name="android.permission.BLUETOOTH" />
17-->[com.mapsted:sdk-map-ui:5.4.28] AndroidManifest.xml:13:5-68
17-->[com.mapsted:sdk-map-ui:5.4.28] AndroidManifest.xml:13:22-65
18    <uses-permission android:name="android.permission.BLUETOOTH_ADMIN" />
18-->[com.mapsted:sdk-map-ui:5.4.28] AndroidManifest.xml:14:5-74
18-->[com.mapsted:sdk-map-ui:5.4.28] AndroidManifest.xml:14:22-71
19    <uses-permission android:name="android.permission.WAKE_LOCK" />
19-->[com.mapsted:sdk-map-ui:5.4.28] AndroidManifest.xml:15:5-68
19-->[com.mapsted:sdk-map-ui:5.4.28] AndroidManifest.xml:15:22-65
20    <uses-permission android:name="android.permission.ACCESS_NETWORK_STATE" />
20-->[com.mapsted:sdk-map-ui:5.4.28] AndroidManifest.xml:16:5-79
20-->[com.mapsted:sdk-map-ui:5.4.28] AndroidManifest.xml:16:22-76
21    <uses-permission android:name="android.permission.CHANGE_NETWORK_STATE" />
21-->[com.mapsted:sdk-map-ui:5.4.28] AndroidManifest.xml:17:5-79
21-->[com.mapsted:sdk-map-ui:5.4.28] AndroidManifest.xml:17:22-76
22    <uses-permission android:name="com.google.android.providers.gsf.permission.READ_GSERVICES" />
22-->[com.mapsted:sdk-map-ui:5.4.28] AndroidManifest.xml:18:5-98
22-->[com.mapsted:sdk-map-ui:5.4.28] AndroidManifest.xml:18:22-95
23    <uses-permission android:name="android.permission.BLUETOOTH_SCAN" />
23-->[com.mapsted:sdk-core:5.4.28] AndroidManifest.xml:12:5-73
23-->[com.mapsted:sdk-core:5.4.28] AndroidManifest.xml:12:22-70
24    <uses-permission android:name="android.permission.BLUETOOTH_ADVERTISE" />
24-->[com.mapsted:sdk-core:5.4.28] AndroidManifest.xml:13:5-78
24-->[com.mapsted:sdk-core:5.4.28] AndroidManifest.xml:13:22-75
25    <uses-permission android:name="android.permission.HIGH_SAMPLING_RATE_SENSORS" />
25-->[com.mapsted:sdk-core:5.4.28] AndroidManifest.xml:14:5-16:43
25-->[com.mapsted:sdk-core:5.4.28] AndroidManifest.xml:15:9-69
26    <uses-permission android:name="android.permission.FOREGROUND_SERVICE" />
26-->[com.mapsted:sdk-core:5.4.28] AndroidManifest.xml:20:5-77
26-->[com.mapsted:sdk-core:5.4.28] AndroidManifest.xml:20:22-74
27    <uses-permission android:name="android.permission.FOREGROUND_SERVICE_LOCATION" />
27-->[com.mapsted:sdk-core:5.4.28] AndroidManifest.xml:21:5-86
27-->[com.mapsted:sdk-core:5.4.28] AndroidManifest.xml:21:22-83
28    <uses-permission android:name="android.permission.DOWNLOAD_WITHOUT_NOTIFICATION" />
28-->[com.mapsted:sdk-core:5.4.28] AndroidManifest.xml:22:5-88
28-->[com.mapsted:sdk-core:5.4.28] AndroidManifest.xml:22:22-85
29    <uses-permission android:name="android.permission.RECEIVE_BOOT_COMPLETED" />
29-->[androidx.work:work-runtime:2.7.1] AndroidManifest.xml:27:5-81
29-->[androidx.work:work-runtime:2.7.1] AndroidManifest.xml:27:22-78
30
31    <permission
31-->[androidx.core:core:1.9.0] AndroidManifest.xml:22:5-24:47
32        android:name="com.dempmapstedsampleapp.DYNAMIC_RECEIVER_NOT_EXPORTED_PERMISSION"
32-->[androidx.core:core:1.9.0] AndroidManifest.xml:23:9-81
33        android:protectionLevel="signature" />
33-->[androidx.core:core:1.9.0] AndroidManifest.xml:24:9-44
34
35    <uses-permission android:name="com.dempmapstedsampleapp.DYNAMIC_RECEIVER_NOT_EXPORTED_PERMISSION" />
35-->[androidx.core:core:1.9.0] AndroidManifest.xml:26:5-97
35-->[androidx.core:core:1.9.0] AndroidManifest.xml:26:22-94
36
37    <uses-feature
37-->[com.mapsted:core-map:4.4.6] AndroidManifest.xml:11:5-13:35
38        android:glEsVersion="0x00020000"
38-->[com.mapsted:core-map:4.4.6] AndroidManifest.xml:12:9-41
39        android:required="true" />
39-->[com.mapsted:core-map:4.4.6] AndroidManifest.xml:13:9-32
40
41    <application
41-->src/main/AndroidManifest.xml:5:5-24:19
42        android:name="com.dempmapstedsampleapp.MainApplication"
42-->src/main/AndroidManifest.xml:6:7-38
43        android:allowBackup="false"
43-->src/main/AndroidManifest.xml:10:7-34
44        android:appComponentFactory="androidx.core.app.CoreComponentFactory"
44-->[androidx.core:core:1.9.0] AndroidManifest.xml:28:18-86
45        android:extractNativeLibs="false"
46        android:icon="@mipmap/ic_launcher"
46-->src/main/AndroidManifest.xml:8:7-41
47        android:label="@string/app_name"
47-->src/main/AndroidManifest.xml:7:7-39
48        android:roundIcon="@mipmap/ic_launcher_round"
48-->src/main/AndroidManifest.xml:9:7-52
49        android:theme="@style/AppTheme" >
49-->src/main/AndroidManifest.xml:11:7-38
50        <activity
50-->src/main/AndroidManifest.xml:12:7-23:18
51            android:name="com.dempmapstedsampleapp.MainActivity"
51-->src/main/AndroidManifest.xml:13:9-37
52            android:configChanges="keyboard|keyboardHidden|orientation|screenLayout|screenSize|smallestScreenSize|uiMode"
52-->src/main/AndroidManifest.xml:15:9-118
53            android:exported="true"
53-->src/main/AndroidManifest.xml:18:9-32
54            android:label="@string/app_name"
54-->src/main/AndroidManifest.xml:14:9-41
55            android:launchMode="singleTask"
55-->src/main/AndroidManifest.xml:16:9-40
56            android:windowSoftInputMode="adjustResize" >
56-->src/main/AndroidManifest.xml:17:9-51
57            <intent-filter>
57-->src/main/AndroidManifest.xml:19:9-22:25
58                <action android:name="android.intent.action.MAIN" />
58-->src/main/AndroidManifest.xml:20:13-65
58-->src/main/AndroidManifest.xml:20:21-62
59
60                <category android:name="android.intent.category.LAUNCHER" />
60-->src/main/AndroidManifest.xml:21:13-73
60-->src/main/AndroidManifest.xml:21:23-70
61            </intent-filter>
62        </activity>
63        <activity
63-->[com.mapsted:sdk-map-ui:5.4.28] AndroidManifest.xml:21:9-26:47
64            android:name="com.mapsted.ui.map.MapstedMapActivity"
64-->[com.mapsted:sdk-map-ui:5.4.28] AndroidManifest.xml:22:13-65
65            android:exported="true"
65-->[com.mapsted:sdk-map-ui:5.4.28] AndroidManifest.xml:23:13-36
66            android:launchMode="singleTop"
66-->[com.mapsted:sdk-map-ui:5.4.28] AndroidManifest.xml:24:13-43
67            android:screenOrientation="portrait"
67-->[com.mapsted:sdk-map-ui:5.4.28] AndroidManifest.xml:25:13-49
68            android:theme="@style/AppTheme" />
68-->[com.mapsted:sdk-map-ui:5.4.28] AndroidManifest.xml:26:13-44
69
70        <meta-data
70-->[com.mapsted:sdk-map-ui:5.4.28] AndroidManifest.xml:28:9-30:55
71            android:name="com.mapsted.ui.CreatedDate"
71-->[com.mapsted:sdk-map-ui:5.4.28] AndroidManifest.xml:29:13-54
72            android:value="2024-05-08-16:43:37 IST" />
72-->[com.mapsted:sdk-map-ui:5.4.28] AndroidManifest.xml:30:13-52
73        <meta-data
73-->[com.mapsted:sdk-map-ui:5.4.28] AndroidManifest.xml:31:9-33:39
74            android:name="com.mapsted.ui.VersionCode"
74-->[com.mapsted:sdk-map-ui:5.4.28] AndroidManifest.xml:32:13-54
75            android:value="5068000" />
75-->[com.mapsted:sdk-map-ui:5.4.28] AndroidManifest.xml:33:13-36
76
77        <activity
77-->[com.mapsted:sdk-map:5.4.28] AndroidManifest.xml:8:9-12:52
78            android:name="com.mapsted.map.views.about.attribution.AttributionActivity"
78-->[com.mapsted:sdk-map:5.4.28] AndroidManifest.xml:9:13-87
79            android:exported="true"
79-->[com.mapsted:sdk-map:5.4.28] AndroidManifest.xml:10:13-36
80            android:launchMode="singleTop"
80-->[com.mapsted:sdk-map:5.4.28] AndroidManifest.xml:11:13-43
81            android:screenOrientation="portrait" />
81-->[com.mapsted:sdk-map:5.4.28] AndroidManifest.xml:12:13-49
82
83        <meta-data
83-->[com.mapsted:sdk-map:5.4.28] AndroidManifest.xml:14:9-16:55
84            android:name="com.mapsted.map.CreatedDate"
84-->[com.mapsted:sdk-map:5.4.28] AndroidManifest.xml:15:13-55
85            android:value="2024-05-08-16:43:05 IST" />
85-->[com.mapsted:sdk-map:5.4.28] AndroidManifest.xml:16:13-52
86        <meta-data
86-->[com.mapsted:sdk-map:5.4.28] AndroidManifest.xml:17:9-19:39
87            android:name="com.mapsted.map.VersionCode"
87-->[com.mapsted:sdk-map:5.4.28] AndroidManifest.xml:18:13-55
88            android:value="5068000" />
88-->[com.mapsted:sdk-map:5.4.28] AndroidManifest.xml:19:13-36
89
90        <service
90-->[com.mapsted:sdk-core:5.4.28] AndroidManifest.xml:25:9-28:56
91            android:name="com.mapsted.positioning.MapstedForegroundService"
91-->[com.mapsted:sdk-core:5.4.28] AndroidManifest.xml:26:13-76
92            android:exported="true"
92-->[com.mapsted:sdk-core:5.4.28] AndroidManifest.xml:27:13-36
93            android:foregroundServiceType="location" />
93-->[com.mapsted:sdk-core:5.4.28] AndroidManifest.xml:28:13-53
94
95        <meta-data
95-->[com.mapsted:sdk-core:5.4.28] AndroidManifest.xml:30:9-32:55
96            android:name="com.mapsted.positioning.CreatedDate"
96-->[com.mapsted:sdk-core:5.4.28] AndroidManifest.xml:31:13-63
97            android:value="2024-05-08-16:42:32 IST" />
97-->[com.mapsted:sdk-core:5.4.28] AndroidManifest.xml:32:13-52
98        <meta-data
98-->[com.mapsted:sdk-core:5.4.28] AndroidManifest.xml:33:9-35:39
99            android:name="com.mapsted.positioning.VersionCode"
99-->[com.mapsted:sdk-core:5.4.28] AndroidManifest.xml:34:13-63
100            android:value="5068000" />
100-->[com.mapsted:sdk-core:5.4.28] AndroidManifest.xml:35:13-36
101
102        <activity android:name="com.mikepenz.aboutlibraries.ui.LibsActivity" />
102-->[com.mikepenz:aboutlibraries:6.2.3] AndroidManifest.xml:12:9-80
102-->[com.mikepenz:aboutlibraries:6.2.3] AndroidManifest.xml:12:19-77
103        <activity
103-->[com.google.android.gms:play-services-base:18.1.0] AndroidManifest.xml:20:9-22:45
104            android:name="com.google.android.gms.common.api.GoogleApiActivity"
104-->[com.google.android.gms:play-services-base:18.1.0] AndroidManifest.xml:20:19-85
105            android:exported="false"
105-->[com.google.android.gms:play-services-base:18.1.0] AndroidManifest.xml:22:19-43
106            android:theme="@android:style/Theme.Translucent.NoTitleBar" />
106-->[com.google.android.gms:play-services-base:18.1.0] AndroidManifest.xml:21:19-78
107
108        <meta-data
108-->[com.google.android.gms:play-services-basement:18.1.0] AndroidManifest.xml:21:9-23:69
109            android:name="com.google.android.gms.version"
109-->[com.google.android.gms:play-services-basement:18.1.0] AndroidManifest.xml:22:13-58
110            android:value="@integer/google_play_services_version" />
110-->[com.google.android.gms:play-services-basement:18.1.0] AndroidManifest.xml:23:13-66
111
112        <provider
112-->[androidx.work:work-runtime:2.7.1] AndroidManifest.xml:31:9-39:20
113            android:name="androidx.startup.InitializationProvider"
113-->[androidx.work:work-runtime:2.7.1] AndroidManifest.xml:32:13-67
114            android:authorities="com.dempmapstedsampleapp.androidx-startup"
114-->[androidx.work:work-runtime:2.7.1] AndroidManifest.xml:33:13-68
115            android:exported="false" >
115-->[androidx.work:work-runtime:2.7.1] AndroidManifest.xml:34:13-37
116            <meta-data
116-->[androidx.work:work-runtime:2.7.1] AndroidManifest.xml:36:13-38:52
117                android:name="androidx.work.WorkManagerInitializer"
117-->[androidx.work:work-runtime:2.7.1] AndroidManifest.xml:37:17-68
118                android:value="androidx.startup" />
118-->[androidx.work:work-runtime:2.7.1] AndroidManifest.xml:38:17-49
119            <meta-data
119-->[androidx.emoji2:emoji2:1.2.0] AndroidManifest.xml:29:13-31:52
120                android:name="androidx.emoji2.text.EmojiCompatInitializer"
120-->[androidx.emoji2:emoji2:1.2.0] AndroidManifest.xml:30:17-75
121                android:value="androidx.startup" />
121-->[androidx.emoji2:emoji2:1.2.0] AndroidManifest.xml:31:17-49
122            <meta-data
122-->[androidx.lifecycle:lifecycle-process:2.6.1] AndroidManifest.xml:29:13-31:52
123                android:name="androidx.lifecycle.ProcessLifecycleInitializer"
123-->[androidx.lifecycle:lifecycle-process:2.6.1] AndroidManifest.xml:30:17-78
124                android:value="androidx.startup" />
124-->[androidx.lifecycle:lifecycle-process:2.6.1] AndroidManifest.xml:31:17-49
125            <meta-data
125-->[androidx.profileinstaller:profileinstaller:1.3.0] AndroidManifest.xml:29:13-31:52
126                android:name="androidx.profileinstaller.ProfileInstallerInitializer"
126-->[androidx.profileinstaller:profileinstaller:1.3.0] AndroidManifest.xml:30:17-85
127                android:value="androidx.startup" />
127-->[androidx.profileinstaller:profileinstaller:1.3.0] AndroidManifest.xml:31:17-49
128        </provider>
129
130        <service
130-->[androidx.work:work-runtime:2.7.1] AndroidManifest.xml:41:9-46:35
131            android:name="androidx.work.impl.background.systemalarm.SystemAlarmService"
131-->[androidx.work:work-runtime:2.7.1] AndroidManifest.xml:42:13-88
132            android:directBootAware="false"
132-->[androidx.work:work-runtime:2.7.1] AndroidManifest.xml:43:13-44
133            android:enabled="@bool/enable_system_alarm_service_default"
133-->[androidx.work:work-runtime:2.7.1] AndroidManifest.xml:44:13-72
134            android:exported="false" />
134-->[androidx.work:work-runtime:2.7.1] AndroidManifest.xml:45:13-37
135        <service
135-->[androidx.work:work-runtime:2.7.1] AndroidManifest.xml:47:9-53:35
136            android:name="androidx.work.impl.background.systemjob.SystemJobService"
136-->[androidx.work:work-runtime:2.7.1] AndroidManifest.xml:48:13-84
137            android:directBootAware="false"
137-->[androidx.work:work-runtime:2.7.1] AndroidManifest.xml:49:13-44
138            android:enabled="@bool/enable_system_job_service_default"
138-->[androidx.work:work-runtime:2.7.1] AndroidManifest.xml:50:13-70
139            android:exported="true"
139-->[androidx.work:work-runtime:2.7.1] AndroidManifest.xml:51:13-36
140            android:permission="android.permission.BIND_JOB_SERVICE" />
140-->[androidx.work:work-runtime:2.7.1] AndroidManifest.xml:52:13-69
141        <service
141-->[androidx.work:work-runtime:2.7.1] AndroidManifest.xml:54:9-59:35
142            android:name="androidx.work.impl.foreground.SystemForegroundService"
142-->[androidx.work:work-runtime:2.7.1] AndroidManifest.xml:55:13-81
143            android:directBootAware="false"
143-->[androidx.work:work-runtime:2.7.1] AndroidManifest.xml:56:13-44
144            android:enabled="@bool/enable_system_foreground_service_default"
144-->[androidx.work:work-runtime:2.7.1] AndroidManifest.xml:57:13-77
145            android:exported="false" />
145-->[androidx.work:work-runtime:2.7.1] AndroidManifest.xml:58:13-37
146
147        <receiver
147-->[androidx.work:work-runtime:2.7.1] AndroidManifest.xml:61:9-66:35
148            android:name="androidx.work.impl.utils.ForceStopRunnable$BroadcastReceiver"
148-->[androidx.work:work-runtime:2.7.1] AndroidManifest.xml:62:13-88
149            android:directBootAware="false"
149-->[androidx.work:work-runtime:2.7.1] AndroidManifest.xml:63:13-44
150            android:enabled="true"
150-->[androidx.work:work-runtime:2.7.1] AndroidManifest.xml:64:13-35
151            android:exported="false" />
151-->[androidx.work:work-runtime:2.7.1] AndroidManifest.xml:65:13-37
152        <receiver
152-->[androidx.work:work-runtime:2.7.1] AndroidManifest.xml:67:9-77:20
153            android:name="androidx.work.impl.background.systemalarm.ConstraintProxy$BatteryChargingProxy"
153-->[androidx.work:work-runtime:2.7.1] AndroidManifest.xml:68:13-106
154            android:directBootAware="false"
154-->[androidx.work:work-runtime:2.7.1] AndroidManifest.xml:69:13-44
155            android:enabled="false"
155-->[androidx.work:work-runtime:2.7.1] AndroidManifest.xml:70:13-36
156            android:exported="false" >
156-->[androidx.work:work-runtime:2.7.1] AndroidManifest.xml:71:13-37
157            <intent-filter>
157-->[androidx.work:work-runtime:2.7.1] AndroidManifest.xml:73:13-76:29
158                <action android:name="android.intent.action.ACTION_POWER_CONNECTED" />
158-->[androidx.work:work-runtime:2.7.1] AndroidManifest.xml:74:17-87
158-->[androidx.work:work-runtime:2.7.1] AndroidManifest.xml:74:25-84
159                <action android:name="android.intent.action.ACTION_POWER_DISCONNECTED" />
159-->[androidx.work:work-runtime:2.7.1] AndroidManifest.xml:75:17-90
159-->[androidx.work:work-runtime:2.7.1] AndroidManifest.xml:75:25-87
160            </intent-filter>
161        </receiver>
162        <receiver
162-->[androidx.work:work-runtime:2.7.1] AndroidManifest.xml:78:9-88:20
163            android:name="androidx.work.impl.background.systemalarm.ConstraintProxy$BatteryNotLowProxy"
163-->[androidx.work:work-runtime:2.7.1] AndroidManifest.xml:79:13-104
164            android:directBootAware="false"
164-->[androidx.work:work-runtime:2.7.1] AndroidManifest.xml:80:13-44
165            android:enabled="false"
165-->[androidx.work:work-runtime:2.7.1] AndroidManifest.xml:81:13-36
166            android:exported="false" >
166-->[androidx.work:work-runtime:2.7.1] AndroidManifest.xml:82:13-37
167            <intent-filter>
167-->[androidx.work:work-runtime:2.7.1] AndroidManifest.xml:84:13-87:29
168                <action android:name="android.intent.action.BATTERY_OKAY" />
168-->[androidx.work:work-runtime:2.7.1] AndroidManifest.xml:85:17-77
168-->[androidx.work:work-runtime:2.7.1] AndroidManifest.xml:85:25-74
169                <action android:name="android.intent.action.BATTERY_LOW" />
169-->[androidx.work:work-runtime:2.7.1] AndroidManifest.xml:86:17-76
169-->[androidx.work:work-runtime:2.7.1] AndroidManifest.xml:86:25-73
170            </intent-filter>
171        </receiver>
172        <receiver
172-->[androidx.work:work-runtime:2.7.1] AndroidManifest.xml:89:9-99:20
173            android:name="androidx.work.impl.background.systemalarm.ConstraintProxy$StorageNotLowProxy"
173-->[androidx.work:work-runtime:2.7.1] AndroidManifest.xml:90:13-104
174            android:directBootAware="false"
174-->[androidx.work:work-runtime:2.7.1] AndroidManifest.xml:91:13-44
175            android:enabled="false"
175-->[androidx.work:work-runtime:2.7.1] AndroidManifest.xml:92:13-36
176            android:exported="false" >
176-->[androidx.work:work-runtime:2.7.1] AndroidManifest.xml:93:13-37
177            <intent-filter>
177-->[androidx.work:work-runtime:2.7.1] AndroidManifest.xml:95:13-98:29
178                <action android:name="android.intent.action.DEVICE_STORAGE_LOW" />
178-->[androidx.work:work-runtime:2.7.1] AndroidManifest.xml:96:17-83
178-->[androidx.work:work-runtime:2.7.1] AndroidManifest.xml:96:25-80
179                <action android:name="android.intent.action.DEVICE_STORAGE_OK" />
179-->[androidx.work:work-runtime:2.7.1] AndroidManifest.xml:97:17-82
179-->[androidx.work:work-runtime:2.7.1] AndroidManifest.xml:97:25-79
180            </intent-filter>
181        </receiver>
182        <receiver
182-->[androidx.work:work-runtime:2.7.1] AndroidManifest.xml:100:9-109:20
183            android:name="androidx.work.impl.background.systemalarm.ConstraintProxy$NetworkStateProxy"
183-->[androidx.work:work-runtime:2.7.1] AndroidManifest.xml:101:13-103
184            android:directBootAware="false"
184-->[androidx.work:work-runtime:2.7.1] AndroidManifest.xml:102:13-44
185            android:enabled="false"
185-->[androidx.work:work-runtime:2.7.1] AndroidManifest.xml:103:13-36
186            android:exported="false" >
186-->[androidx.work:work-runtime:2.7.1] AndroidManifest.xml:104:13-37
187            <intent-filter>
187-->[androidx.work:work-runtime:2.7.1] AndroidManifest.xml:106:13-108:29
188                <action android:name="android.net.conn.CONNECTIVITY_CHANGE" />
188-->[androidx.work:work-runtime:2.7.1] AndroidManifest.xml:107:17-79
188-->[androidx.work:work-runtime:2.7.1] AndroidManifest.xml:107:25-76
189            </intent-filter>
190        </receiver>
191        <receiver
191-->[androidx.work:work-runtime:2.7.1] AndroidManifest.xml:110:9-121:20
192            android:name="androidx.work.impl.background.systemalarm.RescheduleReceiver"
192-->[androidx.work:work-runtime:2.7.1] AndroidManifest.xml:111:13-88
193            android:directBootAware="false"
193-->[androidx.work:work-runtime:2.7.1] AndroidManifest.xml:112:13-44
194            android:enabled="false"
194-->[androidx.work:work-runtime:2.7.1] AndroidManifest.xml:113:13-36
195            android:exported="false" >
195-->[androidx.work:work-runtime:2.7.1] AndroidManifest.xml:114:13-37
196            <intent-filter>
196-->[androidx.work:work-runtime:2.7.1] AndroidManifest.xml:116:13-120:29
197                <action android:name="android.intent.action.BOOT_COMPLETED" />
197-->[androidx.work:work-runtime:2.7.1] AndroidManifest.xml:117:17-79
197-->[androidx.work:work-runtime:2.7.1] AndroidManifest.xml:117:25-76
198                <action android:name="android.intent.action.TIME_SET" />
198-->[androidx.work:work-runtime:2.7.1] AndroidManifest.xml:118:17-73
198-->[androidx.work:work-runtime:2.7.1] AndroidManifest.xml:118:25-70
199                <action android:name="android.intent.action.TIMEZONE_CHANGED" />
199-->[androidx.work:work-runtime:2.7.1] AndroidManifest.xml:119:17-81
199-->[androidx.work:work-runtime:2.7.1] AndroidManifest.xml:119:25-78
200            </intent-filter>
201        </receiver>
202        <receiver
202-->[androidx.work:work-runtime:2.7.1] AndroidManifest.xml:122:9-131:20
203            android:name="androidx.work.impl.background.systemalarm.ConstraintProxyUpdateReceiver"
203-->[androidx.work:work-runtime:2.7.1] AndroidManifest.xml:123:13-99
204            android:directBootAware="false"
204-->[androidx.work:work-runtime:2.7.1] AndroidManifest.xml:124:13-44
205            android:enabled="@bool/enable_system_alarm_service_default"
205-->[androidx.work:work-runtime:2.7.1] AndroidManifest.xml:125:13-72
206            android:exported="false" >
206-->[androidx.work:work-runtime:2.7.1] AndroidManifest.xml:126:13-37
207            <intent-filter>
207-->[androidx.work:work-runtime:2.7.1] AndroidManifest.xml:128:13-130:29
208                <action android:name="androidx.work.impl.background.systemalarm.UpdateProxies" />
208-->[androidx.work:work-runtime:2.7.1] AndroidManifest.xml:129:17-98
208-->[androidx.work:work-runtime:2.7.1] AndroidManifest.xml:129:25-95
209            </intent-filter>
210        </receiver>
211        <receiver
211-->[androidx.work:work-runtime:2.7.1] AndroidManifest.xml:132:9-142:20
212            android:name="androidx.work.impl.diagnostics.DiagnosticsReceiver"
212-->[androidx.work:work-runtime:2.7.1] AndroidManifest.xml:133:13-78
213            android:directBootAware="false"
213-->[androidx.work:work-runtime:2.7.1] AndroidManifest.xml:134:13-44
214            android:enabled="true"
214-->[androidx.work:work-runtime:2.7.1] AndroidManifest.xml:135:13-35
215            android:exported="true"
215-->[androidx.work:work-runtime:2.7.1] AndroidManifest.xml:136:13-36
216            android:permission="android.permission.DUMP" >
216-->[androidx.work:work-runtime:2.7.1] AndroidManifest.xml:137:13-57
217            <intent-filter>
217-->[androidx.work:work-runtime:2.7.1] AndroidManifest.xml:139:13-141:29
218                <action android:name="androidx.work.diagnostics.REQUEST_DIAGNOSTICS" />
218-->[androidx.work:work-runtime:2.7.1] AndroidManifest.xml:140:17-88
218-->[androidx.work:work-runtime:2.7.1] AndroidManifest.xml:140:25-85
219            </intent-filter>
220        </receiver>
221        <receiver
221-->[androidx.profileinstaller:profileinstaller:1.3.0] AndroidManifest.xml:34:9-52:20
222            android:name="androidx.profileinstaller.ProfileInstallReceiver"
222-->[androidx.profileinstaller:profileinstaller:1.3.0] AndroidManifest.xml:35:13-76
223            android:directBootAware="false"
223-->[androidx.profileinstaller:profileinstaller:1.3.0] AndroidManifest.xml:36:13-44
224            android:enabled="true"
224-->[androidx.profileinstaller:profileinstaller:1.3.0] AndroidManifest.xml:37:13-35
225            android:exported="true"
225-->[androidx.profileinstaller:profileinstaller:1.3.0] AndroidManifest.xml:38:13-36
226            android:permission="android.permission.DUMP" >
226-->[androidx.profileinstaller:profileinstaller:1.3.0] AndroidManifest.xml:39:13-57
227            <intent-filter>
227-->[androidx.profileinstaller:profileinstaller:1.3.0] AndroidManifest.xml:40:13-42:29
228                <action android:name="androidx.profileinstaller.action.INSTALL_PROFILE" />
228-->[androidx.profileinstaller:profileinstaller:1.3.0] AndroidManifest.xml:41:17-91
228-->[androidx.profileinstaller:profileinstaller:1.3.0] AndroidManifest.xml:41:25-88
229            </intent-filter>
230            <intent-filter>
230-->[androidx.profileinstaller:profileinstaller:1.3.0] AndroidManifest.xml:43:13-45:29
231                <action android:name="androidx.profileinstaller.action.SKIP_FILE" />
231-->[androidx.profileinstaller:profileinstaller:1.3.0] AndroidManifest.xml:44:17-85
231-->[androidx.profileinstaller:profileinstaller:1.3.0] AndroidManifest.xml:44:25-82
232            </intent-filter>
233            <intent-filter>
233-->[androidx.profileinstaller:profileinstaller:1.3.0] AndroidManifest.xml:46:13-48:29
234                <action android:name="androidx.profileinstaller.action.SAVE_PROFILE" />
234-->[androidx.profileinstaller:profileinstaller:1.3.0] AndroidManifest.xml:47:17-88
234-->[androidx.profileinstaller:profileinstaller:1.3.0] AndroidManifest.xml:47:25-85
235            </intent-filter>
236            <intent-filter>
236-->[androidx.profileinstaller:profileinstaller:1.3.0] AndroidManifest.xml:49:13-51:29
237                <action android:name="androidx.profileinstaller.action.BENCHMARK_OPERATION" />
237-->[androidx.profileinstaller:profileinstaller:1.3.0] AndroidManifest.xml:50:17-95
237-->[androidx.profileinstaller:profileinstaller:1.3.0] AndroidManifest.xml:50:25-92
238            </intent-filter>
239        </receiver>
240
241        <service
241-->[androidx.room:room-runtime:2.2.5] AndroidManifest.xml:25:9-28:40
242            android:name="androidx.room.MultiInstanceInvalidationService"
242-->[androidx.room:room-runtime:2.2.5] AndroidManifest.xml:26:13-74
243            android:directBootAware="true"
243-->[androidx.room:room-runtime:2.2.5] AndroidManifest.xml:27:13-43
244            android:exported="false" />
244-->[androidx.room:room-runtime:2.2.5] AndroidManifest.xml:28:13-37
245
246        <meta-data
246-->[com.facebook.soloader:soloader:0.10.5] AndroidManifest.xml:12:9-14:37
247            android:name="com.facebook.soloader.enabled"
247-->[com.facebook.soloader:soloader:0.10.5] AndroidManifest.xml:13:13-57
248            android:value="false" />
248-->[com.facebook.soloader:soloader:0.10.5] AndroidManifest.xml:14:13-34
249
250        <activity
250-->[com.jakewharton:process-phoenix:2.0.0] AndroidManifest.xml:8:9-11:75
251            android:name="com.jakewharton.processphoenix.ProcessPhoenix"
251-->[com.jakewharton:process-phoenix:2.0.0] AndroidManifest.xml:9:13-73
252            android:process=":phoenix"
252-->[com.jakewharton:process-phoenix:2.0.0] AndroidManifest.xml:10:13-39
253            android:theme="@android:style/Theme.Translucent.NoTitleBar" />
253-->[com.jakewharton:process-phoenix:2.0.0] AndroidManifest.xml:11:13-72
254    </application>
255
256</manifest>